C:\USERS\MR. DIVENSON\DOCUMENTS\GITHUB\ANIMATION\ANIMATION\RELEASE\ANIMATION.PCH
C:\USERS\MR. DIVENSON\DOCUMENTS\GITHUB\ANIMATION\ANIMATION\RELEASE\STDAFX.OBJ
C:\USERS\MR. DIVENSON\DOCUMENTS\GITHUB\ANIMATION\ANIMATION\RELEASE\VC110.PDB
C:\USERS\MR. DIVENSON\DOCUMENTS\GITHUB\ANIMATION\ANIMATION\RELEASE\TEXTURETGA.OBJ
C:\USERS\MR. DIVENSON\DOCUMENTS\GITHUB\ANIMATION\ANIMATION\RELEASE\LAB3.OBJ
C:\USERS\MR. DIVENSON\DOCUMENTS\GITHUB\ANIMATION\ANIMATION\RELEASE\SKYBOX.OBJ
C:\USERS\MR. DIVENSON\DOCUMENTS\GITHUB\ANIMATION\RELEASE\ANIMATION.EXE
C:\USERS\MR. DIVENSON\DOCUMENTS\GITHUB\ANIMATION\RELEASE\ANIMATION.PDB
C:\Users\Mr. Divenson\Documents\GitHub\Animation\Animation\Release\Lab3.obj
C:\Users\Mr. Divenson\Documents\GitHub\Animation\Animation\Release\SkyBox.obj
C:\Users\Mr. Divenson\Documents\GitHub\Animation\Animation\Release\stdafx.obj
C:\Users\Mr. Divenson\Documents\GitHub\Animation\Animation\Release\textureTGA.obj
C:\Users\Mr. Divenson\Documents\GitHub\Animation\Animation\Release\cl.command.1.tlog
C:\Users\Mr. Divenson\Documents\GitHub\Animation\Animation\Release\CL.read.1.tlog
C:\Users\Mr. Divenson\Documents\GitHub\Animation\Animation\Release\CL.write.1.tlog
C:\Users\Mr. Divenson\Documents\GitHub\Animation\Animation\Release\link-cvtres.read.1.tlog
C:\Users\Mr. Divenson\Documents\GitHub\Animation\Animation\Release\link-cvtres.write.1.tlog
C:\Users\Mr. Divenson\Documents\GitHub\Animation\Animation\Release\link-rc.read.1.tlog
C:\Users\Mr. Divenson\Documents\GitHub\Animation\Animation\Release\link-rc.write.1.tlog
C:\Users\Mr. Divenson\Documents\GitHub\Animation\Animation\Release\link.command.1.tlog
C:\Users\Mr. Divenson\Documents\GitHub\Animation\Animation\Release\link.read.1.tlog
C:\Users\Mr. Divenson\Documents\GitHub\Animation\Animation\Release\link.write.1.tlog
C:\Users\Mr. Divenson\Documents\GitHub\Animation\Animation\Release\Animation.pch
C:\Users\Mr. Divenson\Documents\GitHub\Animation\Animation\Release\vc110.pdb
C:\Users\Mr. Divenson\Documents\GitHub\Animation\Release\Animation.pdb
