Build started 10/29/2012 7:08:06 PM.
     1>Project "C:\Users\Mr. Divenson\Documents\GitHub\Animation\Animation\Animation.vcxproj" on node 2 (Build target(s)).
     1>ClCompile:
         C:\Program Files (x86)\Microsoft Visual Studio 11.0\VC\bin\CL.exe /c /I"C:\Users\Mr. Divenson\Documents\GitHub\Animation\Animation\glm" /I"C:\Users\Mr. Divenson\Documents\GitHub\Animation\Animation\freeglut\include" /Zi /nologo /W3 /WX- /sdl /O2 /Oi /Oy- /GL /D WIN32 /D NDEBUG /D _CONSOLE /D _UNICODE /D UNICODE /Gm- /EHsc /MT /GS /Gy /fp:precise /Zc:wchar_t /Zc:forScope /Fo"Release\\" /Fd"Release\vc110.pdb" /Gd /TP /analyze- /errorReport:prompt Camera.cpp
         Camera.cpp
     1>Camera.cpp(40): warning C4244: '=' : conversion from 'double' to 'float', possible loss of data
     1>Camera.cpp(41): warning C4244: '=' : conversion from 'double' to 'float', possible loss of data
     1>Camera.cpp(42): warning C4244: 'initializing' : conversion from 'double' to 'float', possible loss of data
     1>Camera.cpp(63): warning C4244: '=' : conversion from 'double' to 'float', possible loss of data
     1>Camera.cpp(64): warning C4244: '=' : conversion from 'double' to 'float', possible loss of data
     1>Camera.cpp(65): warning C4244: 'initializing' : conversion from 'double' to 'float', possible loss of data
     1>Camera.cpp(86): warning C4244: '=' : conversion from 'double' to 'float', possible loss of data
     1>Camera.cpp(87): warning C4244: 'initializing' : conversion from 'double' to 'float', possible loss of data
     1>Camera.cpp(105): warning C4244: '=' : conversion from 'double' to 'float', possible loss of data
     1>Camera.cpp(106): warning C4244: 'initializing' : conversion from 'double' to 'float', possible loss of data
     1>Camera.cpp(180): warning C4244: 'initializing' : conversion from 'float' to 'int', possible loss of data
     1>Camera.cpp(181): warning C4244: 'initializing' : conversion from 'float' to 'int', possible loss of data
     1>Camera.cpp(182): warning C4244: '=' : conversion from 'int' to 'float', possible loss of data
     1>Camera.cpp(183): warning C4244: '=' : conversion from 'int' to 'float', possible loss of data
       Link:
         C:\Program Files (x86)\Microsoft Visual Studio 11.0\VC\bin\link.exe /ERRORREPORT:PROMPT /OUT:"C:\Users\Mr. Divenson\Documents\GitHub\Animation\Release\Animation.exe" /INCREMENTAL:NO /NOLOGO /LIBPATH:"C:\Users\Mr. Divenson\Documents\GitHub\Animation\Animation\glm\core" /LIBPATH:"C:\Users\Mr. Divenson\Documents\GitHub\Animation\Animation\freeglut\lib\x86\Release" freeglut.lib kernel32.lib user32.lib gdi32.lib winspool.lib comdlg32.lib advapi32.lib shell32.lib ole32.lib oleaut32.lib uuid.lib odbc32.lib odbccp32.lib /MANIFEST /MANIFESTUAC:"level='asInvoker' uiAccess='false'" /manifest:embed /DEBUG /PDB:"C:\Users\Mr. Divenson\Documents\GitHub\Animation\Release\Animation.pdb" /SUBSYSTEM:CONSOLE /OPT:REF /OPT:ICF /LTCG /TLBID:1 /DYNAMICBASE /NXCOMPAT /IMPLIB:"C:\Users\Mr. Divenson\Documents\GitHub\Animation\Release\Animation.lib" /MACHINE:X86 /SAFESEH Release\Camera.obj
         Release\Lab3.obj
         Release\SkyBox.obj
         Release\stdafx.obj
         Release\textureTGA.obj
         Generating code
         Finished generating code
         Animation.vcxproj -> C:\Users\Mr. Divenson\Documents\GitHub\Animation\Release\Animation.exe
     1>Done Building Project "C:\Users\Mr. Divenson\Documents\GitHub\Animation\Animation\Animation.vcxproj" (Build target(s)).

Build succeeded.

Time Elapsed 00:00:01.51
