C:\USERS\MR. DIVENSON\DOCUMENTS\GITHUB\ANIMATION\ANIMATION\DEBUG\ANIMATION.PCH
C:\USERS\MR. DIVENSON\DOCUMENTS\GITHUB\ANIMATION\ANIMATION\DEBUG\STDAFX.OBJ
C:\USERS\MR. DIVENSON\DOCUMENTS\GITHUB\ANIMATION\ANIMATION\DEBUG\VC110.PDB
C:\USERS\MR. DIVENSON\DOCUMENTS\GITHUB\ANIMATION\ANIMATION\DEBUG\MAIN.OBJ
C:\USERS\MR. DIVENSON\DOCUMENTS\GITHUB\ANIMATION\ANIMATION\DEBUG\TEXTURETGA.OBJ
C:\Users\Mr. Divenson\Documents\GitHub\Animation\Animation\Debug\main.obj
C:\Users\Mr. Divenson\Documents\GitHub\Animation\Animation\Debug\stdafx.obj
C:\Users\Mr. Divenson\Documents\GitHub\Animation\Animation\Debug\textureTGA.obj
C:\Users\Mr. Divenson\Documents\GitHub\Animation\Animation\Debug\cl.command.1.tlog
C:\Users\Mr. Divenson\Documents\GitHub\Animation\Animation\Debug\CL.read.1.tlog
C:\Users\Mr. Divenson\Documents\GitHub\Animation\Animation\Debug\CL.write.1.tlog
C:\Users\Mr. Divenson\Documents\GitHub\Animation\Animation\Debug\link-cvtres.read.1.tlog
C:\Users\Mr. Divenson\Documents\GitHub\Animation\Animation\Debug\link-cvtres.write.1.tlog
C:\Users\Mr. Divenson\Documents\GitHub\Animation\Animation\Debug\link-rc.read.1.tlog
C:\Users\Mr. Divenson\Documents\GitHub\Animation\Animation\Debug\link-rc.write.1.tlog
C:\Users\Mr. Divenson\Documents\GitHub\Animation\Animation\Debug\link.30396-cvtres.read.1.tlog
C:\Users\Mr. Divenson\Documents\GitHub\Animation\Animation\Debug\link.30396-cvtres.write.1.tlog
C:\Users\Mr. Divenson\Documents\GitHub\Animation\Animation\Debug\link.30396-rc.read.1.tlog
C:\Users\Mr. Divenson\Documents\GitHub\Animation\Animation\Debug\link.30396-rc.write.1.tlog
C:\Users\Mr. Divenson\Documents\GitHub\Animation\Animation\Debug\link.30396.read.1.tlog
C:\Users\Mr. Divenson\Documents\GitHub\Animation\Animation\Debug\link.30396.write.1.tlog
C:\Users\Mr. Divenson\Documents\GitHub\Animation\Animation\Debug\link.command.1.tlog
C:\Users\Mr. Divenson\Documents\GitHub\Animation\Animation\Debug\link.read.1.tlog
C:\Users\Mr. Divenson\Documents\GitHub\Animation\Animation\Debug\link.write.1.tlog
C:\Users\Mr. Divenson\Documents\GitHub\Animation\Animation\Debug\Animation.pch
C:\Users\Mr. Divenson\Documents\GitHub\Animation\Animation\Debug\vc110.idb
C:\Users\Mr. Divenson\Documents\GitHub\Animation\Animation\Debug\vc110.pdb
C:\Users\Mr. Divenson\Documents\GitHub\Animation\Debug\Animation.pdb
